<?xml version="1.0" encoding="UTF-8"?>
<!-- Generated by org.testng.reporters.JUnitReportReporter -->
<testsuite hostname="Shashi-PC" name="myMavenProject.myMvnProject.FirstTestNGClass" tests="1" failures="0" timestamp="8 May 2018 16:30:01 GMT" time="0.047" errors="0">
  <testcase name="f" time="0.047" classname="myMavenProject.myMvnProject.FirstTestNGClass"/>
</testsuite> <!-- myMavenProject.myMvnProject.FirstTestNGClass -->
